<?xml version="1.0" encoding="UTF-8"?>
<!-- Generated by org.testng.reporters.JUnitReportReporter -->
<testsuite hostname="LAPTOP-09A9GFBF" failures="0" tests="18" name="testNGAnnotationFlags.Flag6" time="0.033" errors="0" timestamp="2023-07-22T15:37:48 IST" skipped="0">
  <testcase classname="testNGAnnotationFlags.Flag6" name="It4" time="0.001">
    <system-out>
      <![CDATA[ITC1]]>
    </system-out>
  </testcase> <!-- It4 -->
  <testcase classname="testNGAnnotationFlags.Flag6" name="It5" time="0.002">
    <system-out>
      <![CDATA[ITC1]]>
    </system-out>
  </testcase> <!-- It5 -->
  <testcase classname="testNGAnnotationFlags.Flag6" name="ft4" time="0.001">
    <system-out>
      <![CDATA[FTC1]]>
    </system-out>
  </testcase> <!-- ft4 -->
  <testcase classname="testNGAnnotationFlags.Flag6" name="St6" time="0.001">
    <system-out>
      <![CDATA[STC1]]>
    </system-out>
  </testcase> <!-- St6 -->
  <testcase classname="testNGAnnotationFlags.Flag6" name="ft1" time="0.001">
    <system-out>
      <![CDATA[FTC1]]>
    </system-out>
  </testcase> <!-- ft1 -->
  <testcase classname="testNGAnnotationFlags.Flag6" name="It2" time="0.001">
    <system-out>
      <![CDATA[ITC1]]>
    </system-out>
  </testcase> <!-- It2 -->
  <testcase classname="testNGAnnotationFlags.Flag6" name="It3" time="0.001">
    <system-out>
      <![CDATA[ITC1]]>
    </system-out>
  </testcase> <!-- It3 -->
  <testcase classname="testNGAnnotationFlags.Flag6" name="St2" time="0.002">
    <system-out>
      <![CDATA[STC1]]>
    </system-out>
  </testcase> <!-- St2 -->
  <testcase classname="testNGAnnotationFlags.Flag6" name="St4" time="0.002">
    <system-out>
      <![CDATA[STC1]]>
    </system-out>
  </testcase> <!-- St4 -->
  <testcase classname="testNGAnnotationFlags.Flag6" name="St5" time="0.001">
    <system-out>
      <![CDATA[STC1]]>
    </system-out>
  </testcase> <!-- St5 -->
  <testcase classname="testNGAnnotationFlags.Flag6" name="It1" time="0.009">
    <system-out>
      <![CDATA[ITC1]]>
    </system-out>
  </testcase> <!-- It1 -->
  <testcase classname="testNGAnnotationFlags.Flag6" name="ft5" time="0.002">
    <system-out>
      <![CDATA[FTC1]]>
    </system-out>
  </testcase> <!-- ft5 -->
  <testcase classname="testNGAnnotationFlags.Flag6" name="ft3" time="0.002">
    <system-out>
      <![CDATA[FTC1]]>
    </system-out>
  </testcase> <!-- ft3 -->
  <testcase classname="testNGAnnotationFlags.Flag6" name="ft6" time="0.001">
    <system-out>
      <![CDATA[FTC1]]>
    </system-out>
  </testcase> <!-- ft6 -->
  <testcase classname="testNGAnnotationFlags.Flag6" name="St1" time="0.002">
    <system-out>
      <![CDATA[STC1]]>
    </system-out>
  </testcase> <!-- St1 -->
  <testcase classname="testNGAnnotationFlags.Flag6" name="ft2" time="0.001">
    <system-out>
      <![CDATA[FTC1]]>
    </system-out>
  </testcase> <!-- ft2 -->
  <testcase classname="testNGAnnotationFlags.Flag6" name="St3" time="0.001">
    <system-out>
      <![CDATA[STC1]]>
    </system-out>
  </testcase> <!-- St3 -->
  <testcase classname="testNGAnnotationFlags.Flag6" name="It6" time="0.002">
    <system-out>
      <![CDATA[ITC1]]>
    </system-out>
  </testcase> <!-- It6 -->
  <system-out>
    <![CDATA[ITC1
ITC1
ITC1
ITC1
ITC1
ITC1
STC1
STC1
STC1
STC1
STC1
STC1
FTC1
FTC1
FTC1
FTC1
FTC1
FTC1]]>
  </system-out>
</testsuite> <!-- testNGAnnotationFlags.Flag6 -->
