<?xml version="1.0" encoding="UTF-8"?>
<!-- Generated by org.testng.reporters.JUnitReportReporter -->
<testsuite hostname="LAPTOP-09A9GFBF" failures="0" tests="2" name="testNGAnnotationFlags.Flag1" time="0.015" errors="0" timestamp="2023-07-20T15:16:45 IST" skipped="0">
  <testcase classname="testNGAnnotationFlags.Flag1" name="method1" time="0.012">
    <system-out>
      <![CDATA[method1 from flag1]]>
    </system-out>
  </testcase> <!-- method1 -->
  <testcase classname="testNGAnnotationFlags.Flag1" name="method2" time="0.003">
    <system-out>
      <![CDATA[method2 from flag1]]>
    </system-out>
  </testcase> <!-- method2 -->
  <system-out>
    <![CDATA[method1 from flag1
method2 from flag1]]>
  </system-out>
</testsuite> <!-- testNGAnnotationFlags.Flag1 -->
