<?xml version="1.0" encoding="UTF-8"?>
<!-- Generated by org.testng.reporters.JUnitReportReporter -->
<testsuite hostname="Shinu31" failures="0" tests="1" name="testNGExecution.Test1" time="7.672" errors="0" timestamp="2023-08-01T13:55:53 IST" skipped="0">
  <testcase classname="testNGExecution.Test1" name="testMethod1" time="7.672"/>
</testsuite> <!-- testNGExecution.Test1 -->
