<?xml version="1.0" encoding="UTF-8"?>
<!-- Generated by org.testng.reporters.JUnitReportReporter -->
<testsuite hostname="LAPTOP-09A9GFBF" failures="0" tests="2" name="testNGAnnotationFlags.MultipleFlags" time="0.011" errors="0" timestamp="2023-07-21T15:41:36 IST" skipped="0">
  <testcase classname="testNGAnnotationFlags.MultipleFlags" name="method1" time="0.009">
    <system-out>
      <![CDATA[Method1 from flag2]]>
    </system-out>
  </testcase> <!-- method1 -->
  <testcase classname="testNGAnnotationFlags.MultipleFlags" name="method2" time="0.002">
    <system-out>
      <![CDATA[Method2 from flag2]]>
    </system-out>
  </testcase> <!-- method2 -->
  <system-out>
    <![CDATA[Method1 from flag2
Method2 from flag2]]>
  </system-out>
</testsuite> <!-- testNGAnnotationFlags.MultipleFlags -->
