<?xml version="1.0" encoding="UTF-8"?>
<!-- Generated by org.testng.reporters.JUnitReportReporter -->
<testsuite hostname="LAPTOP-09A9GFBF" failures="0" tests="3" name="testNGAnnotationFlags.GoogleSearchTestCase" time="19.879" errors="0" timestamp="2023-07-21T15:46:36 IST" skipped="0">
  <testcase classname="testNGAnnotationFlags.GoogleSearchTestCase" name="search1" time="6.229"/>
  <testcase classname="testNGAnnotationFlags.GoogleSearchTestCase" name="search2" time="6.015"/>
  <testcase classname="testNGAnnotationFlags.GoogleSearchTestCase" name="search3" time="7.635"/>
</testsuite> <!-- testNGAnnotationFlags.GoogleSearchTestCase -->
