<?xml version="1.0" encoding="UTF-8"?>
<!-- Generated by org.testng.reporters.JUnitReportReporter -->
<testsuite hostname="LAPTOP-09A9GFBF" failures="0" tests="1" name="testNGPackage.Remo" time="0.002" errors="0" timestamp="2023-07-15T15:41:47 IST" skipped="0">
  <testcase classname="testNGPackage.Remo" name="g" time="0.002">
    <system-out>
      <![CDATA[This is remo testNG class]]>
    </system-out>
  </testcase> <!-- g -->
  <system-out>
    <![CDATA[This is Demo TestNG class
This is remo testNG class]]>
  </system-out>
</testsuite> <!-- testNGPackage.Remo -->
