<?xml version="1.0" encoding="UTF-8"?>
<!-- Generated by org.testng.reporters.JUnitReportReporter -->
<testsuite hostname="LAPTOP-09A9GFBF" failures="0" tests="2" name="testNGExecution.TestMethod2" time="0.014" errors="0" timestamp="2023-07-18T15:21:18 IST" skipped="0">
  <testcase classname="testNGExecution.TestMethod2" name="testMethod3" time="0.011">
    <system-out>
      <![CDATA[Thread id of Execution :26]]>
    </system-out>
  </testcase> <!-- testMethod3 -->
  <testcase classname="testNGExecution.TestMethod2" name="testMethod4" time="0.003">
    <system-out>
      <![CDATA[Thread id of Execution :25]]>
    </system-out>
  </testcase> <!-- testMethod4 -->
  <system-out>
    <![CDATA[Thread id of Execution :22
Thread id of Execution :24
Thread id of Execution :25
Thread id of Execution :23
Thread id of Execution :26
Thread id of Execution :25]]>
  </system-out>
</testsuite> <!-- testNGExecution.TestMethod2 -->
