<?xml version="1.0" encoding="UTF-8"?>
<!-- Generated by org.testng.reporters.JUnitReportReporter -->
<testsuite hostname="LAPTOP-09A9GFBF" failures="0" tests="5" name="testNGAnnotationFlags.ActitimeDataProvider" time="9.285" errors="0" timestamp="2023-07-27T15:13:20 IST" skipped="0">
  <testcase classname="testNGAnnotationFlags.ActitimeDataProvider" name="invalidLoginMethod" time="1.447"/>
  <testcase classname="testNGAnnotationFlags.ActitimeDataProvider" name="invalidLoginMethod" time="1.436"/>
  <testcase classname="testNGAnnotationFlags.ActitimeDataProvider" name="invalidLoginMethod" time="1.444"/>
  <testcase classname="testNGAnnotationFlags.ActitimeDataProvider" name="invalidLoginMethod" time="3.285"/>
  <testcase classname="testNGAnnotationFlags.ActitimeDataProvider" name="invalidLoginMethod" time="1.673"/>
</testsuite> <!-- testNGAnnotationFlags.ActitimeDataProvider -->
