<?xml version="1.0" encoding="UTF-8"?>
<!-- Generated by org.testng.reporters.JUnitReportReporter -->
<testsuite hostname="LAPTOP-09A9GFBF" failures="0" tests="3" name="testNGAnnotationFlags.flag5" time="0.011" errors="0" timestamp="2023-07-22T15:07:55 IST" skipped="0">
  <testcase classname="testNGAnnotationFlags.flag5" name="logoutMethod" time="0.002"/>
  <testcase classname="testNGAnnotationFlags.flag5" name="creteUserMethod" time="0.002"/>
  <testcase classname="testNGAnnotationFlags.flag5" name="loginMethod" time="0.007"/>
</testsuite> <!-- testNGAnnotationFlags.flag5 -->
