<?xml version="1.0" encoding="UTF-8"?>
<!-- Generated by org.testng.reporters.JUnitReportReporter -->
<testsuite hostname="LAPTOP-09A9GFBF" failures="0" tests="1" name="testNGPackage.Demo" time="0.011" errors="0" timestamp="2023-07-15T15:41:47 IST" skipped="0">
  <testcase classname="testNGPackage.Demo" name="f" time="0.011">
    <system-out>
      <![CDATA[This is Demo TestNG class]]>
    </system-out>
  </testcase> <!-- f -->
  <system-out>
    <![CDATA[This is Demo TestNG class
This is remo testNG class]]>
  </system-out>
</testsuite> <!-- testNGPackage.Demo -->
