<?xml version="1.0" encoding="UTF-8"?>
<!-- Generated by org.testng.reporters.JUnitReportReporter -->
<testsuite hostname="LAPTOP-09A9GFBF" failures="0" tests="2" name="testNGAnnotationFlags.flag2" time="0.013" errors="0" timestamp="2023-07-20T15:21:18 IST" skipped="1">
  <testcase classname="testNGAnnotationFlags.flag2" name="method1" time="0.013">
    <system-out>
      <![CDATA[Method1 from flag2 ]]>
    </system-out>
  </testcase> <!-- method1 -->
  <testcase classname="testNGAnnotationFlags.flag2" name="method2">
    <skipped/>
  </testcase> <!-- method2 -->
  <system-out>
    <![CDATA[Method1 from flag2 ]]>
  </system-out>
</testsuite> <!-- testNGAnnotationFlags.flag2 -->
