<?xml version="1.0" encoding="UTF-8"?>
<!-- Generated by org.testng.reporters.JUnitReportReporter -->
<testsuite hostname="LAPTOP-09A9GFBF" failures="0" tests="8" name="testNGAnnotationFlags.flag4" time="0.026" errors="0" timestamp="2023-07-22T14:58:04 IST" skipped="0">
  <testcase classname="testNGAnnotationFlags.flag4" name="h" time="0.010"/>
  <testcase classname="testNGAnnotationFlags.flag4" name="f" time="0.002"/>
  <testcase classname="testNGAnnotationFlags.flag4" name="b" time="0.003"/>
  <testcase classname="testNGAnnotationFlags.flag4" name="e" time="0.002"/>
  <testcase classname="testNGAnnotationFlags.flag4" name="g" time="0.001"/>
  <testcase classname="testNGAnnotationFlags.flag4" name="c" time="0.002"/>
  <testcase classname="testNGAnnotationFlags.flag4" name="a" time="0.003"/>
  <testcase classname="testNGAnnotationFlags.flag4" name="d" time="0.003"/>
</testsuite> <!-- testNGAnnotationFlags.flag4 -->
