<?xml version="1.0" encoding="UTF-8"?>
<!-- Generated by org.testng.reporters.JUnitReportReporter -->
<testsuite hostname="LAPTOP-09A9GFBF" failures="0" tests="2" name="testNGExecution.TestMethod1" time="0.022" errors="0" timestamp="2023-07-18T15:21:18 IST" skipped="0">
  <testcase classname="testNGExecution.TestMethod1" name="testMethod2" time="0.011">
    <system-out>
      <![CDATA[Thread id of Execution :23]]>
    </system-out>
  </testcase> <!-- testMethod2 -->
  <testcase classname="testNGExecution.TestMethod1" name="testMethod1" time="0.011">
    <system-out>
      <![CDATA[Thread id of Execution :22]]>
    </system-out>
  </testcase> <!-- testMethod1 -->
  <system-out>
    <![CDATA[Thread id of Execution :22
Thread id of Execution :24
Thread id of Execution :25
Thread id of Execution :23
Thread id of Execution :26
Thread id of Execution :25]]>
  </system-out>
</testsuite> <!-- testNGExecution.TestMethod1 -->
