<?xml version="1.0" encoding="UTF-8"?>
<!-- Generated by org.testng.reporters.JUnitReportReporter -->
<testsuite hostname="LAPTOP-09A9GFBF" failures="0" tests="2" name="testNGAnnotationFlags.AnnotationsClassj" time="0.011" errors="0" timestamp="2023-07-20T14:23:18 IST" skipped="0">
  <testcase classname="testNGAnnotationFlags.AnnotationsClassj" name="method10" time="0.004">
    <system-out>
      <![CDATA[This is method10 of TestAnnotation]]>
    </system-out>
  </testcase> <!-- method10 -->
  <testcase classname="testNGAnnotationFlags.AnnotationsClassj" name="method1" time="0.007">
    <system-out>
      <![CDATA[This is method1 of TestAnnotation]]>
    </system-out>
  </testcase> <!-- method1 -->
  <system-out>
    <![CDATA[BeforeSuiteAnnotation
BeforeTestAnnotation
BeforeClassAnnotation
BeforeMethodAnnotation
This is method1 of TestAnnotation
AfterMethodAnnotation
BeforeMethodAnnotation
This is method10 of TestAnnotation
AfterMethodAnnotation
AfterClassAnnotation
AfterTestAnnotation
AfterSuiteAnnotationt]]>
  </system-out>
</testsuite> <!-- testNGAnnotationFlags.AnnotationsClassj -->
