<?xml version="1.0" encoding="UTF-8"?>
<!-- Generated by org.testng.reporters.JUnitReportReporter -->
<testsuite hostname="LAPTOP-09A9GFBF" failures="0" tests="2" name="testNGExecution.TestMethod3" time="0.022" errors="0" timestamp="2023-07-18T15:21:18 IST" skipped="0">
  <testcase classname="testNGExecution.TestMethod3" name="testMethod2" time="0.011">
    <system-out>
      <![CDATA[Thread id of Execution :24]]>
    </system-out>
  </testcase> <!-- testMethod2 -->
  <testcase classname="testNGExecution.TestMethod3" name="testMethod5" time="0.011">
    <system-out>
      <![CDATA[Thread id of Execution :25]]>
    </system-out>
  </testcase> <!-- testMethod5 -->
  <system-out>
    <![CDATA[Thread id of Execution :22
Thread id of Execution :24
Thread id of Execution :25
Thread id of Execution :23
Thread id of Execution :26
Thread id of Execution :25]]>
  </system-out>
</testsuite> <!-- testNGExecution.TestMethod3 -->
